<?xml version="1.0" encoding="UTF-8"?>
<testng-results skipped="0" failed="0" ignored="0" total="4" passed="4">
  <reporter-output>
  </reporter-output>
  <suite name="Default suite" duration-ms="4389" started-at="2018-11-19T02:30:32Z" finished-at="2018-11-19T02:30:36Z">
    <groups>
    </groups>
    <test name="Default test" duration-ms="4389" started-at="2018-11-19T02:30:32Z" finished-at="2018-11-19T02:30:36Z">
      <class name="ResponseHeaders">
        <test-method status="PASS" signature="setup()[pri:0, instance:ResponseHeaders@5c7fa833]" name="setup" is-config="true" duration-ms="404" started-at="2018-11-19T02:30:32Z" finished-at="2018-11-19T02:30:32Z">
          <reporter-output>
          </reporter-output>
        </test-method> <!-- setup -->
        <test-method status="PASS" signature="contentTypeIsJson()[pri:0, instance:ResponseHeaders@5c7fa833]" name="contentTypeIsJson" duration-ms="1077" started-at="2018-11-19T02:30:32Z" finished-at="2018-11-19T02:30:33Z">
          <reporter-output>
          </reporter-output>
        </test-method> <!-- contentTypeIsJson -->
        <test-method status="PASS" signature="closeResources()[pri:0, instance:ResponseHeaders@5c7fa833]" name="closeResources" is-config="true" duration-ms="2" started-at="2018-11-19T02:30:33Z" finished-at="2018-11-19T02:30:33Z">
          <reporter-output>
          </reporter-output>
        </test-method> <!-- closeResources -->
        <test-method status="PASS" signature="setup()[pri:0, instance:ResponseHeaders@5c7fa833]" name="setup" is-config="true" duration-ms="5" started-at="2018-11-19T02:30:33Z" finished-at="2018-11-19T02:30:33Z">
          <reporter-output>
          </reporter-output>
        </test-method> <!-- setup -->
        <test-method status="PASS" signature="eTagIsPresent()[pri:0, instance:ResponseHeaders@5c7fa833]" name="eTagIsPresent" duration-ms="856" started-at="2018-11-19T02:30:33Z" finished-at="2018-11-19T02:30:34Z">
          <reporter-output>
          </reporter-output>
        </test-method> <!-- eTagIsPresent -->
        <test-method status="PASS" signature="closeResources()[pri:0, instance:ResponseHeaders@5c7fa833]" name="closeResources" is-config="true" duration-ms="1" started-at="2018-11-19T02:30:34Z" finished-at="2018-11-19T02:30:34Z">
          <reporter-output>
          </reporter-output>
        </test-method> <!-- closeResources -->
        <test-method status="PASS" signature="setup()[pri:0, instance:ResponseHeaders@5c7fa833]" name="setup" is-config="true" duration-ms="3" started-at="2018-11-19T02:30:34Z" finished-at="2018-11-19T02:30:34Z">
          <reporter-output>
          </reporter-output>
        </test-method> <!-- setup -->
        <test-method status="PASS" signature="serverIsGitHub()[pri:0, instance:ResponseHeaders@5c7fa833]" name="serverIsGitHub" duration-ms="1002" started-at="2018-11-19T02:30:34Z" finished-at="2018-11-19T02:30:35Z">
          <reporter-output>
          </reporter-output>
        </test-method> <!-- serverIsGitHub -->
        <test-method status="PASS" signature="closeResources()[pri:0, instance:ResponseHeaders@5c7fa833]" name="closeResources" is-config="true" duration-ms="1" started-at="2018-11-19T02:30:35Z" finished-at="2018-11-19T02:30:35Z">
          <reporter-output>
          </reporter-output>
        </test-method> <!-- closeResources -->
        <test-method status="PASS" signature="setup()[pri:0, instance:ResponseHeaders@5c7fa833]" name="setup" is-config="true" duration-ms="4" started-at="2018-11-19T02:30:35Z" finished-at="2018-11-19T02:30:35Z">
          <reporter-output>
          </reporter-output>
        </test-method> <!-- setup -->
        <test-method status="PASS" signature="xRateLimitIsSixty()[pri:0, instance:ResponseHeaders@5c7fa833]" name="xRateLimitIsSixty" duration-ms="1008" started-at="2018-11-19T02:30:35Z" finished-at="2018-11-19T02:30:36Z">
          <reporter-output>
          </reporter-output>
        </test-method> <!-- xRateLimitIsSixty -->
        <test-method status="PASS" signature="closeResources()[pri:0, instance:ResponseHeaders@5c7fa833]" name="closeResources" is-config="true" duration-ms="1" started-at="2018-11-19T02:30:36Z" finished-at="2018-11-19T02:30:36Z">
          <reporter-output>
          </reporter-output>
        </test-method> <!-- closeResources -->
      </class> <!-- ResponseHeaders -->
    </test> <!-- Default test -->
  </suite> <!-- Default suite -->
</testng-results>
