<?xml version="1.0" encoding="UTF-8"?>
<!-- Generated by org.testng.reporters.JUnitXMLReporter -->
<testsuite hostname="MEL-004253" ignored="0" tests="4" failures="0" timestamp="19 Nov 2018 02:30:36 GMT" time="4.389" errors="0">
  <testcase name="contentTypeIsJson" time="1.077" classname="ResponseHeaders"/>
  <testcase name="eTagIsPresent" time="0.856" classname="ResponseHeaders"/>
  <testcase name="serverIsGitHub" time="1.002" classname="ResponseHeaders"/>
  <testcase name="xRateLimitIsSixty" time="1.008" classname="ResponseHeaders"/>
</testsuite>
